<?xml version="1.0" encoding="UTF-8"?>
<!-- Generated by org.testng.reporters.JUnitReportReporter -->
<testsuite hostname="LAPTOP-6JUCE0OL" failures="0" tests="1" name="zoho.add" time="29.648" errors="0" timestamp="2023-08-05T12:54:03 IST" skipped="0">
  <testcase classname="zoho.add" name="add" time="29.648"/>
  <system-out/>
</testsuite> <!-- zoho.add -->
