<?xml version="1.0" encoding="UTF-8"?>
<!-- Generated by org.testng.reporters.JUnitReportReporter -->
<testsuite hostname="LAPTOP-6JUCE0OL" failures="0" tests="1" name="zoho.launch_spice_jet_2" time="2.991" errors="0" timestamp="2023-09-04T14:43:30 IST" skipped="0">
  <testcase classname="zoho.launch_spice_jet_2" name="lo" time="2.991"/>
  <system-out/>
</testsuite> <!-- zoho.launch_spice_jet_2 -->
