<?xml version="1.0" encoding="UTF-8"?>
<!-- Generated by org.testng.reporters.JUnitReportReporter -->
<testsuite hostname="LAPTOP-6JUCE0OL" failures="0" tests="1" name="zoho.broken_links" time="33.376" errors="0" timestamp="2023-08-05T12:11:33 IST" skipped="0">
  <testcase classname="zoho.broken_links" name="op" time="33.376"/>
  <system-out/>
</testsuite> <!-- zoho.broken_links -->
