<?xml version="1.0" encoding="UTF-8"?>
<!-- Generated by org.testng.reporters.JUnitReportReporter -->
<testsuite hostname="LAPTOP-6JUCE0OL" failures="0" tests="2" name="zoho.testng_Practice" time="0.015" errors="0" timestamp="2023-09-04T12:15:11 IST" skipped="0">
  <testcase classname="zoho.testng_Practice" name="TC1" time="0.014"/>
  <system-out/>
  <testcase classname="zoho.testng_Practice" name="TC2" time="0.001"/>
  <system-out>
    <![CDATA[Running TC2]]>
  </system-out>
</testsuite> <!-- zoho.testng_Practice -->
