<?xml version="1.0" encoding="UTF-8"?>
<!-- Generated by org.testng.reporters.JUnitReportReporter -->
<testsuite hostname="LAPTOP-6JUCE0OL" failures="0" tests="1" name="zoho.screenshot_program" time="10.103" errors="0" timestamp="2023-09-26T12:40:06 IST" skipped="0">
  <testcase classname="zoho.screenshot_program" name="screenshot" time="10.103"/>
  <system-out/>
</testsuite> <!-- zoho.screenshot_program -->
