<?xml version="1.0" encoding="UTF-8"?>
<!-- Generated by org.testng.reporters.JUnitReportReporter -->
<testsuite hostname="LAPTOP-6JUCE0OL" failures="0" tests="1" name="zoho.launch_spice_jet_1" time="8.071" errors="0" timestamp="2023-09-08T11:25:52 IST" skipped="0">
  <testcase classname="zoho.launch_spice_jet_1" name="demo" time="8.071"/>
  <system-out/>
</testsuite> <!-- zoho.launch_spice_jet_1 -->
