<?xml version="1.0" encoding="UTF-8"?>
<!-- Generated by org.testng.reporters.JUnitReportReporter -->
<testsuite hostname="LAPTOP-6JUCE0OL" failures="0" tests="1" name="zoho.login_facebook" time="13.159" errors="0" timestamp="2023-09-03T12:34:26 IST" skipped="0">
  <testcase classname="zoho.login_facebook" name="test" time="13.159"/>
  <system-out/>
</testsuite> <!-- zoho.login_facebook -->
