<?xml version="1.0" encoding="UTF-8"?>
<!-- Generated by org.testng.reporters.JUnitReportReporter -->
<testsuite hostname="LAPTOP-6JUCE0OL" failures="0" tests="1" name="zoho.purches_filpkart" time="17.466" errors="0" timestamp="2023-08-05T11:09:04 IST" skipped="0">
  <testcase classname="zoho.purches_filpkart" name="demo" time="17.466"/>
  <system-out/>
</testsuite> <!-- zoho.purches_filpkart -->
