<?xml version="1.0" encoding="UTF-8"?>
<!-- Generated by org.testng.reporters.JUnitReportReporter -->
<testsuite hostname="LAPTOP-6JUCE0OL" failures="0" tests="4" name="zoho.data_Provider" time="13.613" errors="0" timestamp="2023-08-03T14:37:52 IST" skipped="0">
  <testcase classname="zoho.data_Provider" name="test" time="2.442"/>
  <system-out/>
  <testcase classname="zoho.data_Provider" name="test" time="2.823"/>
  <system-out/>
  <testcase classname="zoho.data_Provider" name="test" time="4.386"/>
  <system-out/>
  <testcase classname="zoho.data_Provider" name="test" time="3.962"/>
  <system-out/>
</testsuite> <!-- zoho.data_Provider -->
