<?xml version="1.0" encoding="UTF-8"?>
<!-- Generated by org.testng.reporters.JUnitReportReporter -->
<testsuite hostname="LAPTOP-6JUCE0OL" failures="0" tests="4" name="zoho.emible_report" time="0.012" errors="0" timestamp="2023-09-22T16:43:30 IST" skipped="0">
  <testcase classname="zoho.emible_report" name="TC1" time="0.002"/>
  <system-out>
    <![CDATA[Running TC1]]>
  </system-out>
  <testcase classname="zoho.emible_report" name="TC0" time="0.008"/>
  <system-out/>
  <testcase classname="zoho.emible_report" name="TC3" time="0.001"/>
  <system-out>
    <![CDATA[Running TC3]]>
  </system-out>
  <testcase classname="zoho.emible_report" name="TC4" time="0.001"/>
  <system-out>
    <![CDATA[Running TC4]]>
  </system-out>
</testsuite> <!-- zoho.emible_report -->
